

============================== 2023-04-04 01:27:29.941246 | 9651ba58-09d3-4670-9421-687b6ad9fc53 ==============================
[0m01:27:29.941246 [info ] [MainThread]: Running with dbt=1.4.4
[0m01:27:29.941960 [debug] [MainThread]: running dbt with arguments {'write_json': True, 'use_colors': True, 'printer_width': 80, 'version_check': True, 'partial_parse': True, 'static_parser': True, 'profiles_dir': '/Users/reneboygarcia/.dbt', 'send_anonymous_usage_stats': True, 'quiet': False, 'no_print': False, 'cache_selected_only': False, 'skip_profile_setup': False, 'which': 'init', 'indirect_selection': 'eager'}
[0m01:27:29.942063 [debug] [MainThread]: Tracking: tracking
[0m01:27:29.957923 [debug] [MainThread]: Sending event: {'category': 'dbt', 'action': 'invocation', 'label': 'start', 'context': [<snowplow_tracker.self_describing_json.SelfDescribingJson object at 0x104abf8b0>, <snowplow_tracker.self_describing_json.SelfDescribingJson object at 0x104abf100>, <snowplow_tracker.self_describing_json.SelfDescribingJson object at 0x104abf7c0>]}
[0m01:27:49.889099 [debug] [MainThread]: Starter project path: /opt/homebrew/Cellar/dbt-bigquery/1.4.1/libexec/lib/python3.9/site-packages/dbt/include/starter_project
[0m01:29:03.563600 [info ] [MainThread]: Profile capstone_mongodb written to /Users/reneboygarcia/.dbt/profiles.yml using target's profile_template.yml and your supplied values. Run 'dbt debug' to validate the connection.
[0m01:29:03.566923 [info ] [MainThread]: 
Your new dbt project "capstone_mongodb" was created!

For more information on how to configure the profiles.yml file,
please consult the dbt documentation here:

  https://docs.getdbt.com/docs/configure-your-profile

One more thing:

Need help? Don't hesitate to reach out to us via GitHub issues or on Slack:

  https://community.getdbt.com/

Happy modeling!

[0m01:29:03.568498 [debug] [MainThread]: Sending event: {'category': 'dbt', 'action': 'invocation', 'label': 'end', 'context': [<snowplow_tracker.self_describing_json.SelfDescribingJson object at 0x103435730>, <snowplow_tracker.self_describing_json.SelfDescribingJson object at 0x103436be0>, <snowplow_tracker.self_describing_json.SelfDescribingJson object at 0x1033583a0>]}
[0m01:29:03.569521 [debug] [MainThread]: Flushing usage events


============================== 2023-04-04 01:31:39.919890 | 4a30030a-4321-4dbd-bf63-79e44b913c58 ==============================
[0m01:31:39.919890 [info ] [MainThread]: Running with dbt=1.4.4
[0m01:31:39.921166 [debug] [MainThread]: running dbt with arguments {'write_json': True, 'use_colors': True, 'printer_width': 80, 'version_check': True, 'partial_parse': True, 'static_parser': True, 'profiles_dir': '/Users/reneboygarcia/.dbt', 'send_anonymous_usage_stats': True, 'quiet': False, 'no_print': False, 'cache_selected_only': False, 'config_dir': False, 'which': 'debug', 'indirect_selection': 'eager'}
[0m01:31:39.921306 [debug] [MainThread]: Tracking: tracking
[0m01:31:39.942371 [debug] [MainThread]: Sending event: {'category': 'dbt', 'action': 'invocation', 'label': 'start', 'context': [<snowplow_tracker.self_describing_json.SelfDescribingJson object at 0x106721880>, <snowplow_tracker.self_describing_json.SelfDescribingJson object at 0x1067211f0>, <snowplow_tracker.self_describing_json.SelfDescribingJson object at 0x106721100>]}
[0m01:31:40.215918 [debug] [MainThread]: Executing "git --help"
[0m01:31:40.224670 [debug] [MainThread]: STDOUT: "b"usage: git [-v | --version] [-h | --help] [-C <path>] [-c <name>=<value>]\n           [--exec-path[=<path>]] [--html-path] [--man-path] [--info-path]\n           [-p | --paginate | -P | --no-pager] [--no-replace-objects] [--bare]\n           [--git-dir=<path>] [--work-tree=<path>] [--namespace=<name>]\n           [--super-prefix=<path>] [--config-env=<name>=<envvar>]\n           <command> [<args>]\n\nThese are common Git commands used in various situations:\n\nstart a working area (see also: git help tutorial)\n   clone     Clone a repository into a new directory\n   init      Create an empty Git repository or reinitialize an existing one\n\nwork on the current change (see also: git help everyday)\n   add       Add file contents to the index\n   mv        Move or rename a file, a directory, or a symlink\n   restore   Restore working tree files\n   rm        Remove files from the working tree and from the index\n\nexamine the history and state (see also: git help revisions)\n   bisect    Use binary search to find the commit that introduced a bug\n   diff      Show changes between commits, commit and working tree, etc\n   grep      Print lines matching a pattern\n   log       Show commit logs\n   show      Show various types of objects\n   status    Show the working tree status\n\ngrow, mark and tweak your common history\n   branch    List, create, or delete branches\n   commit    Record changes to the repository\n   merge     Join two or more development histories together\n   rebase    Reapply commits on top of another base tip\n   reset     Reset current HEAD to the specified state\n   switch    Switch branches\n   tag       Create, list, delete or verify a tag object signed with GPG\n\ncollaborate (see also: git help workflows)\n   fetch     Download objects and refs from another repository\n   pull      Fetch from and integrate with another repository or a local branch\n   push      Update remote refs along with associated objects\n\n'git help -a' and 'git help -g' list available subcommands and some\nconcept guides. See 'git help <command>' or 'git help <concept>'\nto read about a specific subcommand or concept.\nSee 'git help git' for an overview of the system.\n""
[0m01:31:40.225342 [debug] [MainThread]: STDERR: "b''"
[0m01:31:40.225739 [debug] [MainThread]: Sending event: {'category': 'dbt', 'action': 'invocation', 'label': 'end', 'context': [<snowplow_tracker.self_describing_json.SelfDescribingJson object at 0x1066fa880>, <snowplow_tracker.self_describing_json.SelfDescribingJson object at 0x1082e29d0>, <snowplow_tracker.self_describing_json.SelfDescribingJson object at 0x1082e2970>]}
[0m01:31:40.226058 [debug] [MainThread]: Flushing usage events
